2016-03-28T16:46:19.766Z - info: Express server listening on 9090, in development mode
2016-03-28T17:01:38.294Z - error:  SyntaxError: Unexpected token G
    at parse (native)
    at processImmediate [as _immediateCallback] (timers.js:367:17)
From previous event:
    at Object.exports.requestSteamPrices (/home/dev/g2a/skywarrior-1/server/components/redis/steam.prices.js:19:6)
    at Object.fn (/home/dev/g2a/skywarrior-1/server/components/scheduler/index.js:14:26)
    at /home/dev/g2a/skywarrior-1/node_modules/agenda/lib/job.js:210:22
    at processDbResult (/home/dev/g2a/skywarrior-1/node_modules/agenda/lib/agenda.js:348:7)
    at handleCallback (/home/dev/g2a/skywarrior-1/node_modules/agenda/node_modules/mongodb/lib/utils.js:95:12)
    at /home/dev/g2a/skywarrior-1/node_modules/agenda/node_modules/mongodb/lib/collection.js:1470:14
    at handleCallback (/home/dev/g2a/skywarrior-1/node_modules/agenda/node_modules/mongodb/lib/utils.js:95:12)
    at /home/dev/g2a/skywarrior-1/node_modules/agenda/node_modules/mongodb/lib/db.js:253:5
    at /home/dev/g2a/skywarrior-1/node_modules/agenda/node_modules/mongodb/node_modules/mongodb-core/lib/topologies/server.js:795:13
    at Callbacks.emit (/home/dev/g2a/skywarrior-1/node_modules/agenda/node_modules/mongodb/node_modules/mongodb-core/lib/topologies/server.js:94:3)
    at null.messageHandler (/home/dev/g2a/skywarrior-1/node_modules/agenda/node_modules/mongodb/node_modules/mongodb-core/lib/topologies/server.js:235:23)
    at Socket.<anonymous> (/home/dev/g2a/skywarrior-1/node_modules/agenda/node_modules/mongodb/node_modules/mongodb-core/lib/connection/connection.js:259:22)
    at Socket.emit (events.js:107:17)
    at readableAddChunk (_stream_readable.js:163:16)
    at Socket.Readable.push (_stream_readable.js:126:10)
    at TCP.onread (net.js:540:20)
2016-03-28T17:06:36.075Z - error:  SyntaxError: Unexpected token l
    at parse (native)
    at processImmediate [as _immediateCallback] (timers.js:367:17)
From previous event:
    at Object.exports.requestSteamPrices (/home/dev/g2a/skywarrior-1/server/components/redis/steam.prices.js:19:6)
    at Object.fn (/home/dev/g2a/skywarrior-1/server/components/scheduler/index.js:14:26)
    at /home/dev/g2a/skywarrior-1/node_modules/agenda/lib/job.js:210:22
    at processDbResult (/home/dev/g2a/skywarrior-1/node_modules/agenda/lib/agenda.js:348:7)
    at handleCallback (/home/dev/g2a/skywarrior-1/node_modules/agenda/node_modules/mongodb/lib/utils.js:95:12)
    at /home/dev/g2a/skywarrior-1/node_modules/agenda/node_modules/mongodb/lib/collection.js:1470:14
    at handleCallback (/home/dev/g2a/skywarrior-1/node_modules/agenda/node_modules/mongodb/lib/utils.js:95:12)
    at /home/dev/g2a/skywarrior-1/node_modules/agenda/node_modules/mongodb/lib/db.js:253:5
    at /home/dev/g2a/skywarrior-1/node_modules/agenda/node_modules/mongodb/node_modules/mongodb-core/lib/topologies/server.js:795:13
    at Callbacks.emit (/home/dev/g2a/skywarrior-1/node_modules/agenda/node_modules/mongodb/node_modules/mongodb-core/lib/topologies/server.js:94:3)
    at null.messageHandler (/home/dev/g2a/skywarrior-1/node_modules/agenda/node_modules/mongodb/node_modules/mongodb-core/lib/topologies/server.js:235:23)
    at Socket.<anonymous> (/home/dev/g2a/skywarrior-1/node_modules/agenda/node_modules/mongodb/node_modules/mongodb-core/lib/connection/connection.js:259:22)
    at Socket.emit (events.js:107:17)
    at readableAddChunk (_stream_readable.js:163:16)
    at Socket.Readable.push (_stream_readable.js:126:10)
    at TCP.onread (net.js:540:20)
2016-03-28T17:45:35.660Z - info: Express server listening on 9090, in development mode
2016-03-28T21:02:00.386Z - info: Express server listening on 9090, in development mode
2016-03-28T21:26:04.692Z - info: Express server listening on 9090, in development mode
2016-03-28T21:34:09.847Z - info: Express server listening on 9090, in development mode
2016-03-28T21:35:08.773Z - info: Express server listening on 9090, in development mode
2016-03-28T21:39:28.420Z - info: Express server listening on 9090, in development mode
2016-03-28T22:02:45.170Z - info: Express server listening on 9090, in development mode
2016-03-28T22:11:06.248Z - info: Express server listening on 9090, in development mode
2016-03-28T22:12:07.718Z - info: Express server listening on 9090, in development mode
2016-03-28T22:36:17.087Z - error:  Error: getaddrinfo ENOTFOUND backpack.tf
    at errnoException (dns.js:44:10)
    at GetAddrInfoReqWrap.onlookup [as oncomplete] (dns.js:94:26)
From previous event:
    at Object.exports.requestSteamPrices (/home/dev/g2a/skywarrior-1/server/components/redis/steam.prices.js:15:18)
    at Object.fn (/home/dev/g2a/skywarrior-1/server/components/scheduler/index.js:14:26)
    at /home/dev/g2a/skywarrior-1/node_modules/agenda/lib/job.js:210:22
    at processDbResult (/home/dev/g2a/skywarrior-1/node_modules/agenda/lib/agenda.js:348:7)
    at handleCallback (/home/dev/g2a/skywarrior-1/node_modules/agenda/node_modules/mongodb/lib/utils.js:95:12)
    at /home/dev/g2a/skywarrior-1/node_modules/agenda/node_modules/mongodb/lib/collection.js:1470:14
    at handleCallback (/home/dev/g2a/skywarrior-1/node_modules/agenda/node_modules/mongodb/lib/utils.js:95:12)
    at /home/dev/g2a/skywarrior-1/node_modules/agenda/node_modules/mongodb/lib/db.js:253:5
    at /home/dev/g2a/skywarrior-1/node_modules/agenda/node_modules/mongodb/node_modules/mongodb-core/lib/topologies/server.js:795:13
    at Callbacks.emit (/home/dev/g2a/skywarrior-1/node_modules/agenda/node_modules/mongodb/node_modules/mongodb-core/lib/topologies/server.js:94:3)
    at null.messageHandler (/home/dev/g2a/skywarrior-1/node_modules/agenda/node_modules/mongodb/node_modules/mongodb-core/lib/topologies/server.js:235:23)
    at Socket.<anonymous> (/home/dev/g2a/skywarrior-1/node_modules/agenda/node_modules/mongodb/node_modules/mongodb-core/lib/connection/connection.js:259:22)
    at Socket.emit (events.js:107:17)
    at readableAddChunk (_stream_readable.js:163:16)
    at Socket.Readable.push (_stream_readable.js:126:10)
    at TCP.onread (net.js:540:20)
2016-03-29T00:36:14.485Z - error:  Error: getaddrinfo ENOTFOUND backpack.tf
    at errnoException (dns.js:44:10)
    at GetAddrInfoReqWrap.onlookup [as oncomplete] (dns.js:94:26)
From previous event:
    at Object.exports.requestSteamPrices (/home/dev/g2a/skywarrior-1/server/components/redis/steam.prices.js:15:18)
    at Object.fn (/home/dev/g2a/skywarrior-1/server/components/scheduler/index.js:14:26)
    at /home/dev/g2a/skywarrior-1/node_modules/agenda/lib/job.js:210:22
    at processDbResult (/home/dev/g2a/skywarrior-1/node_modules/agenda/lib/agenda.js:348:7)
    at handleCallback (/home/dev/g2a/skywarrior-1/node_modules/agenda/node_modules/mongodb/lib/utils.js:95:12)
    at /home/dev/g2a/skywarrior-1/node_modules/agenda/node_modules/mongodb/lib/collection.js:1470:14
    at handleCallback (/home/dev/g2a/skywarrior-1/node_modules/agenda/node_modules/mongodb/lib/utils.js:95:12)
    at /home/dev/g2a/skywarrior-1/node_modules/agenda/node_modules/mongodb/lib/db.js:253:5
    at /home/dev/g2a/skywarrior-1/node_modules/agenda/node_modules/mongodb/node_modules/mongodb-core/lib/topologies/server.js:795:13
    at Callbacks.emit (/home/dev/g2a/skywarrior-1/node_modules/agenda/node_modules/mongodb/node_modules/mongodb-core/lib/topologies/server.js:94:3)
    at null.messageHandler (/home/dev/g2a/skywarrior-1/node_modules/agenda/node_modules/mongodb/node_modules/mongodb-core/lib/topologies/server.js:235:23)
    at Socket.<anonymous> (/home/dev/g2a/skywarrior-1/node_modules/agenda/node_modules/mongodb/node_modules/mongodb-core/lib/connection/connection.js:259:22)
    at Socket.emit (events.js:107:17)
    at readableAddChunk (_stream_readable.js:163:16)
    at Socket.Readable.push (_stream_readable.js:126:10)
    at TCP.onread (net.js:540:20)
2016-03-29T04:21:10.414Z - error:  Error: getaddrinfo ENOTFOUND backpack.tf
    at errnoException (dns.js:44:10)
    at GetAddrInfoReqWrap.onlookup [as oncomplete] (dns.js:94:26)
From previous event:
    at Object.exports.requestSteamPrices (/home/dev/g2a/skywarrior-1/server/components/redis/steam.prices.js:15:18)
    at Object.fn (/home/dev/g2a/skywarrior-1/server/components/scheduler/index.js:14:26)
    at /home/dev/g2a/skywarrior-1/node_modules/agenda/lib/job.js:210:22
    at processDbResult (/home/dev/g2a/skywarrior-1/node_modules/agenda/lib/agenda.js:348:7)
    at handleCallback (/home/dev/g2a/skywarrior-1/node_modules/agenda/node_modules/mongodb/lib/utils.js:95:12)
    at /home/dev/g2a/skywarrior-1/node_modules/agenda/node_modules/mongodb/lib/collection.js:1470:14
    at handleCallback (/home/dev/g2a/skywarrior-1/node_modules/agenda/node_modules/mongodb/lib/utils.js:95:12)
    at /home/dev/g2a/skywarrior-1/node_modules/agenda/node_modules/mongodb/lib/db.js:253:5
    at /home/dev/g2a/skywarrior-1/node_modules/agenda/node_modules/mongodb/node_modules/mongodb-core/lib/topologies/server.js:795:13
    at Callbacks.emit (/home/dev/g2a/skywarrior-1/node_modules/agenda/node_modules/mongodb/node_modules/mongodb-core/lib/topologies/server.js:94:3)
    at null.messageHandler (/home/dev/g2a/skywarrior-1/node_modules/agenda/node_modules/mongodb/node_modules/mongodb-core/lib/topologies/server.js:235:23)
    at Socket.<anonymous> (/home/dev/g2a/skywarrior-1/node_modules/agenda/node_modules/mongodb/node_modules/mongodb-core/lib/connection/connection.js:259:22)
    at Socket.emit (events.js:107:17)
    at readableAddChunk (_stream_readable.js:163:16)
    at Socket.Readable.push (_stream_readable.js:126:10)
    at TCP.onread (net.js:540:20)
2016-03-29T04:31:24.657Z - error:  Error: getaddrinfo ENOTFOUND backpack.tf
    at errnoException (dns.js:44:10)
    at GetAddrInfoReqWrap.onlookup [as oncomplete] (dns.js:94:26)
From previous event:
    at Object.exports.requestSteamPrices (/home/dev/g2a/skywarrior-1/server/components/redis/steam.prices.js:15:18)
    at Object.fn (/home/dev/g2a/skywarrior-1/server/components/scheduler/index.js:14:26)
    at /home/dev/g2a/skywarrior-1/node_modules/agenda/lib/job.js:210:22
    at processDbResult (/home/dev/g2a/skywarrior-1/node_modules/agenda/lib/agenda.js:348:7)
    at handleCallback (/home/dev/g2a/skywarrior-1/node_modules/agenda/node_modules/mongodb/lib/utils.js:95:12)
    at /home/dev/g2a/skywarrior-1/node_modules/agenda/node_modules/mongodb/lib/collection.js:1470:14
    at handleCallback (/home/dev/g2a/skywarrior-1/node_modules/agenda/node_modules/mongodb/lib/utils.js:95:12)
    at /home/dev/g2a/skywarrior-1/node_modules/agenda/node_modules/mongodb/lib/db.js:253:5
    at /home/dev/g2a/skywarrior-1/node_modules/agenda/node_modules/mongodb/node_modules/mongodb-core/lib/topologies/server.js:795:13
    at Callbacks.emit (/home/dev/g2a/skywarrior-1/node_modules/agenda/node_modules/mongodb/node_modules/mongodb-core/lib/topologies/server.js:94:3)
    at null.messageHandler (/home/dev/g2a/skywarrior-1/node_modules/agenda/node_modules/mongodb/node_modules/mongodb-core/lib/topologies/server.js:235:23)
    at Socket.<anonymous> (/home/dev/g2a/skywarrior-1/node_modules/agenda/node_modules/mongodb/node_modules/mongodb-core/lib/connection/connection.js:259:22)
    at Socket.emit (events.js:107:17)
    at readableAddChunk (_stream_readable.js:163:16)
    at Socket.Readable.push (_stream_readable.js:126:10)
    at TCP.onread (net.js:540:20)
2016-03-29T04:36:14.678Z - error:  Error: read ECONNRESET
    at exports._errnoException (util.js:746:11)
    at TCP.onread (net.js:561:26)
From previous event:
    at Object.exports.requestSteamPrices (/home/dev/g2a/skywarrior-1/server/components/redis/steam.prices.js:15:18)
    at Object.fn (/home/dev/g2a/skywarrior-1/server/components/scheduler/index.js:14:26)
    at /home/dev/g2a/skywarrior-1/node_modules/agenda/lib/job.js:210:22
    at processDbResult (/home/dev/g2a/skywarrior-1/node_modules/agenda/lib/agenda.js:348:7)
    at handleCallback (/home/dev/g2a/skywarrior-1/node_modules/agenda/node_modules/mongodb/lib/utils.js:95:12)
    at /home/dev/g2a/skywarrior-1/node_modules/agenda/node_modules/mongodb/lib/collection.js:1470:14
    at handleCallback (/home/dev/g2a/skywarrior-1/node_modules/agenda/node_modules/mongodb/lib/utils.js:95:12)
    at /home/dev/g2a/skywarrior-1/node_modules/agenda/node_modules/mongodb/lib/db.js:253:5
    at /home/dev/g2a/skywarrior-1/node_modules/agenda/node_modules/mongodb/node_modules/mongodb-core/lib/topologies/server.js:795:13
    at Callbacks.emit (/home/dev/g2a/skywarrior-1/node_modules/agenda/node_modules/mongodb/node_modules/mongodb-core/lib/topologies/server.js:94:3)
    at null.messageHandler (/home/dev/g2a/skywarrior-1/node_modules/agenda/node_modules/mongodb/node_modules/mongodb-core/lib/topologies/server.js:235:23)
    at Socket.<anonymous> (/home/dev/g2a/skywarrior-1/node_modules/agenda/node_modules/mongodb/node_modules/mongodb-core/lib/connection/connection.js:259:22)
    at Socket.emit (events.js:107:17)
    at readableAddChunk (_stream_readable.js:163:16)
    at Socket.Readable.push (_stream_readable.js:126:10)
    at TCP.onread (net.js:540:20)
2016-03-29T04:41:19.733Z - error:  Error: getaddrinfo ENOTFOUND backpack.tf
    at errnoException (dns.js:44:10)
    at GetAddrInfoReqWrap.onlookup [as oncomplete] (dns.js:94:26)
From previous event:
    at Object.exports.requestSteamPrices (/home/dev/g2a/skywarrior-1/server/components/redis/steam.prices.js:15:18)
    at Object.fn (/home/dev/g2a/skywarrior-1/server/components/scheduler/index.js:14:26)
    at /home/dev/g2a/skywarrior-1/node_modules/agenda/lib/job.js:210:22
    at processDbResult (/home/dev/g2a/skywarrior-1/node_modules/agenda/lib/agenda.js:348:7)
    at handleCallback (/home/dev/g2a/skywarrior-1/node_modules/agenda/node_modules/mongodb/lib/utils.js:95:12)
    at /home/dev/g2a/skywarrior-1/node_modules/agenda/node_modules/mongodb/lib/collection.js:1470:14
    at handleCallback (/home/dev/g2a/skywarrior-1/node_modules/agenda/node_modules/mongodb/lib/utils.js:95:12)
    at /home/dev/g2a/skywarrior-1/node_modules/agenda/node_modules/mongodb/lib/db.js:253:5
    at /home/dev/g2a/skywarrior-1/node_modules/agenda/node_modules/mongodb/node_modules/mongodb-core/lib/topologies/server.js:795:13
    at Callbacks.emit (/home/dev/g2a/skywarrior-1/node_modules/agenda/node_modules/mongodb/node_modules/mongodb-core/lib/topologies/server.js:94:3)
    at null.messageHandler (/home/dev/g2a/skywarrior-1/node_modules/agenda/node_modules/mongodb/node_modules/mongodb-core/lib/topologies/server.js:235:23)
    at Socket.<anonymous> (/home/dev/g2a/skywarrior-1/node_modules/agenda/node_modules/mongodb/node_modules/mongodb-core/lib/connection/connection.js:259:22)
    at Socket.emit (events.js:107:17)
    at readableAddChunk (_stream_readable.js:163:16)
    at Socket.Readable.push (_stream_readable.js:126:10)
    at TCP.onread (net.js:540:20)
2016-03-29T04:51:19.742Z - error:  Error: getaddrinfo ENOTFOUND backpack.tf
    at errnoException (dns.js:44:10)
    at GetAddrInfoReqWrap.onlookup [as oncomplete] (dns.js:94:26)
From previous event:
    at Object.exports.requestSteamPrices (/home/dev/g2a/skywarrior-1/server/components/redis/steam.prices.js:15:18)
    at Object.fn (/home/dev/g2a/skywarrior-1/server/components/scheduler/index.js:14:26)
    at /home/dev/g2a/skywarrior-1/node_modules/agenda/lib/job.js:210:22
    at processDbResult (/home/dev/g2a/skywarrior-1/node_modules/agenda/lib/agenda.js:348:7)
    at handleCallback (/home/dev/g2a/skywarrior-1/node_modules/agenda/node_modules/mongodb/lib/utils.js:95:12)
    at /home/dev/g2a/skywarrior-1/node_modules/agenda/node_modules/mongodb/lib/collection.js:1470:14
    at handleCallback (/home/dev/g2a/skywarrior-1/node_modules/agenda/node_modules/mongodb/lib/utils.js:95:12)
    at /home/dev/g2a/skywarrior-1/node_modules/agenda/node_modules/mongodb/lib/db.js:253:5
    at /home/dev/g2a/skywarrior-1/node_modules/agenda/node_modules/mongodb/node_modules/mongodb-core/lib/topologies/server.js:795:13
    at Callbacks.emit (/home/dev/g2a/skywarrior-1/node_modules/agenda/node_modules/mongodb/node_modules/mongodb-core/lib/topologies/server.js:94:3)
    at null.messageHandler (/home/dev/g2a/skywarrior-1/node_modules/agenda/node_modules/mongodb/node_modules/mongodb-core/lib/topologies/server.js:235:23)
    at Socket.<anonymous> (/home/dev/g2a/skywarrior-1/node_modules/agenda/node_modules/mongodb/node_modules/mongodb-core/lib/connection/connection.js:259:22)
    at Socket.emit (events.js:107:17)
    at readableAddChunk (_stream_readable.js:163:16)
    at Socket.Readable.push (_stream_readable.js:126:10)
    at TCP.onread (net.js:540:20)
2016-03-29T05:51:19.748Z - error:  Error: getaddrinfo ENOTFOUND backpack.tf
    at errnoException (dns.js:44:10)
    at GetAddrInfoReqWrap.onlookup [as oncomplete] (dns.js:94:26)
From previous event:
    at Object.exports.requestSteamPrices (/home/dev/g2a/skywarrior-1/server/components/redis/steam.prices.js:15:18)
    at Object.fn (/home/dev/g2a/skywarrior-1/server/components/scheduler/index.js:14:26)
    at /home/dev/g2a/skywarrior-1/node_modules/agenda/lib/job.js:210:22
    at processDbResult (/home/dev/g2a/skywarrior-1/node_modules/agenda/lib/agenda.js:348:7)
    at handleCallback (/home/dev/g2a/skywarrior-1/node_modules/agenda/node_modules/mongodb/lib/utils.js:95:12)
    at /home/dev/g2a/skywarrior-1/node_modules/agenda/node_modules/mongodb/lib/collection.js:1470:14
    at handleCallback (/home/dev/g2a/skywarrior-1/node_modules/agenda/node_modules/mongodb/lib/utils.js:95:12)
    at /home/dev/g2a/skywarrior-1/node_modules/agenda/node_modules/mongodb/lib/db.js:253:5
    at /home/dev/g2a/skywarrior-1/node_modules/agenda/node_modules/mongodb/node_modules/mongodb-core/lib/topologies/server.js:795:13
    at Callbacks.emit (/home/dev/g2a/skywarrior-1/node_modules/agenda/node_modules/mongodb/node_modules/mongodb-core/lib/topologies/server.js:94:3)
    at null.messageHandler (/home/dev/g2a/skywarrior-1/node_modules/agenda/node_modules/mongodb/node_modules/mongodb-core/lib/topologies/server.js:235:23)
    at Socket.<anonymous> (/home/dev/g2a/skywarrior-1/node_modules/agenda/node_modules/mongodb/node_modules/mongodb-core/lib/connection/connection.js:259:22)
    at Socket.emit (events.js:107:17)
    at readableAddChunk (_stream_readable.js:163:16)
    at Socket.Readable.push (_stream_readable.js:126:10)
    at TCP.onread (net.js:540:20)
2016-03-29T05:56:16.438Z - error:  Error: getaddrinfo ENOTFOUND backpack.tf
    at errnoException (dns.js:44:10)
    at GetAddrInfoReqWrap.onlookup [as oncomplete] (dns.js:94:26)
From previous event:
    at Object.exports.requestSteamPrices (/home/dev/g2a/skywarrior-1/server/components/redis/steam.prices.js:15:18)
    at Object.fn (/home/dev/g2a/skywarrior-1/server/components/scheduler/index.js:14:26)
    at /home/dev/g2a/skywarrior-1/node_modules/agenda/lib/job.js:210:22
    at processDbResult (/home/dev/g2a/skywarrior-1/node_modules/agenda/lib/agenda.js:348:7)
    at handleCallback (/home/dev/g2a/skywarrior-1/node_modules/agenda/node_modules/mongodb/lib/utils.js:95:12)
    at /home/dev/g2a/skywarrior-1/node_modules/agenda/node_modules/mongodb/lib/collection.js:1470:14
    at handleCallback (/home/dev/g2a/skywarrior-1/node_modules/agenda/node_modules/mongodb/lib/utils.js:95:12)
    at /home/dev/g2a/skywarrior-1/node_modules/agenda/node_modules/mongodb/lib/db.js:253:5
    at /home/dev/g2a/skywarrior-1/node_modules/agenda/node_modules/mongodb/node_modules/mongodb-core/lib/topologies/server.js:795:13
    at Callbacks.emit (/home/dev/g2a/skywarrior-1/node_modules/agenda/node_modules/mongodb/node_modules/mongodb-core/lib/topologies/server.js:94:3)
    at null.messageHandler (/home/dev/g2a/skywarrior-1/node_modules/agenda/node_modules/mongodb/node_modules/mongodb-core/lib/topologies/server.js:235:23)
    at Socket.<anonymous> (/home/dev/g2a/skywarrior-1/node_modules/agenda/node_modules/mongodb/node_modules/mongodb-core/lib/connection/connection.js:259:22)
    at Socket.emit (events.js:107:17)
    at readableAddChunk (_stream_readable.js:163:16)
    at Socket.Readable.push (_stream_readable.js:126:10)
    at TCP.onread (net.js:540:20)
2016-03-29T06:01:19.747Z - error:  Error: getaddrinfo ENOTFOUND backpack.tf
    at errnoException (dns.js:44:10)
    at GetAddrInfoReqWrap.onlookup [as oncomplete] (dns.js:94:26)
From previous event:
    at Object.exports.requestSteamPrices (/home/dev/g2a/skywarrior-1/server/components/redis/steam.prices.js:15:18)
    at Object.fn (/home/dev/g2a/skywarrior-1/server/components/scheduler/index.js:14:26)
    at /home/dev/g2a/skywarrior-1/node_modules/agenda/lib/job.js:210:22
    at processDbResult (/home/dev/g2a/skywarrior-1/node_modules/agenda/lib/agenda.js:348:7)
    at handleCallback (/home/dev/g2a/skywarrior-1/node_modules/agenda/node_modules/mongodb/lib/utils.js:95:12)
    at /home/dev/g2a/skywarrior-1/node_modules/agenda/node_modules/mongodb/lib/collection.js:1470:14
    at handleCallback (/home/dev/g2a/skywarrior-1/node_modules/agenda/node_modules/mongodb/lib/utils.js:95:12)
    at /home/dev/g2a/skywarrior-1/node_modules/agenda/node_modules/mongodb/lib/db.js:253:5
    at /home/dev/g2a/skywarrior-1/node_modules/agenda/node_modules/mongodb/node_modules/mongodb-core/lib/topologies/server.js:795:13
    at Callbacks.emit (/home/dev/g2a/skywarrior-1/node_modules/agenda/node_modules/mongodb/node_modules/mongodb-core/lib/topologies/server.js:94:3)
    at null.messageHandler (/home/dev/g2a/skywarrior-1/node_modules/agenda/node_modules/mongodb/node_modules/mongodb-core/lib/topologies/server.js:235:23)
    at Socket.<anonymous> (/home/dev/g2a/skywarrior-1/node_modules/agenda/node_modules/mongodb/node_modules/mongodb-core/lib/connection/connection.js:259:22)
    at Socket.emit (events.js:107:17)
    at readableAddChunk (_stream_readable.js:163:16)
    at Socket.Readable.push (_stream_readable.js:126:10)
    at TCP.onread (net.js:540:20)
2016-03-29T07:01:06.116Z - error:  Error: getaddrinfo ENOTFOUND backpack.tf
    at errnoException (dns.js:44:10)
    at GetAddrInfoReqWrap.onlookup [as oncomplete] (dns.js:94:26)
From previous event:
    at Object.exports.requestSteamPrices (/home/dev/g2a/skywarrior-1/server/components/redis/steam.prices.js:15:18)
    at Object.fn (/home/dev/g2a/skywarrior-1/server/components/scheduler/index.js:14:26)
    at /home/dev/g2a/skywarrior-1/node_modules/agenda/lib/job.js:210:22
    at processDbResult (/home/dev/g2a/skywarrior-1/node_modules/agenda/lib/agenda.js:348:7)
    at handleCallback (/home/dev/g2a/skywarrior-1/node_modules/agenda/node_modules/mongodb/lib/utils.js:95:12)
    at /home/dev/g2a/skywarrior-1/node_modules/agenda/node_modules/mongodb/lib/collection.js:1470:14
    at handleCallback (/home/dev/g2a/skywarrior-1/node_modules/agenda/node_modules/mongodb/lib/utils.js:95:12)
    at /home/dev/g2a/skywarrior-1/node_modules/agenda/node_modules/mongodb/lib/db.js:253:5
    at /home/dev/g2a/skywarrior-1/node_modules/agenda/node_modules/mongodb/node_modules/mongodb-core/lib/topologies/server.js:795:13
    at Callbacks.emit (/home/dev/g2a/skywarrior-1/node_modules/agenda/node_modules/mongodb/node_modules/mongodb-core/lib/topologies/server.js:94:3)
    at null.messageHandler (/home/dev/g2a/skywarrior-1/node_modules/agenda/node_modules/mongodb/node_modules/mongodb-core/lib/topologies/server.js:235:23)
    at Socket.<anonymous> (/home/dev/g2a/skywarrior-1/node_modules/agenda/node_modules/mongodb/node_modules/mongodb-core/lib/connection/connection.js:259:22)
    at Socket.emit (events.js:107:17)
    at readableAddChunk (_stream_readable.js:163:16)
    at Socket.Readable.push (_stream_readable.js:126:10)
    at TCP.onread (net.js:540:20)
2016-03-29T07:17:01.894Z - info: Express server listening on 9090, in development mode
2016-03-29T07:19:23.901Z - info: Express server listening on 9090, in development mode
2016-03-29T07:25:24.834Z - info: Express server listening on 9090, in development mode
2016-03-29T07:26:12.639Z - info: Express server listening on 9090, in development mode
2016-03-29T08:29:57.219Z - info: Express server listening on 9090, in development mode
2016-03-29T09:20:16.762Z - error:  Error: read ECONNRESET
    at exports._errnoException (util.js:746:11)
    at TCP.onread (net.js:561:26)
From previous event:
    at Object.exports.requestSteamPrices (/home/dev/g2a/skywarrior-1/server/components/redis/steam.prices.js:15:18)
    at Object.fn (/home/dev/g2a/skywarrior-1/server/components/scheduler/index.js:14:26)
    at /home/dev/g2a/skywarrior-1/node_modules/agenda/lib/job.js:210:22
    at processDbResult (/home/dev/g2a/skywarrior-1/node_modules/agenda/lib/agenda.js:348:7)
    at handleCallback (/home/dev/g2a/skywarrior-1/node_modules/agenda/node_modules/mongodb/lib/utils.js:95:12)
    at /home/dev/g2a/skywarrior-1/node_modules/agenda/node_modules/mongodb/lib/collection.js:1470:14
    at handleCallback (/home/dev/g2a/skywarrior-1/node_modules/agenda/node_modules/mongodb/lib/utils.js:95:12)
    at /home/dev/g2a/skywarrior-1/node_modules/agenda/node_modules/mongodb/lib/db.js:253:5
    at /home/dev/g2a/skywarrior-1/node_modules/agenda/node_modules/mongodb/node_modules/mongodb-core/lib/topologies/server.js:795:13
    at Callbacks.emit (/home/dev/g2a/skywarrior-1/node_modules/agenda/node_modules/mongodb/node_modules/mongodb-core/lib/topologies/server.js:94:3)
    at null.messageHandler (/home/dev/g2a/skywarrior-1/node_modules/agenda/node_modules/mongodb/node_modules/mongodb-core/lib/topologies/server.js:235:23)
    at Socket.<anonymous> (/home/dev/g2a/skywarrior-1/node_modules/agenda/node_modules/mongodb/node_modules/mongodb-core/lib/connection/connection.js:259:22)
    at Socket.emit (events.js:107:17)
    at readableAddChunk (_stream_readable.js:163:16)
    at Socket.Readable.push (_stream_readable.js:126:10)
    at TCP.onread (net.js:540:20)
2016-03-29T09:25:24.089Z - error:  Error: getaddrinfo ENOTFOUND backpack.tf
    at errnoException (dns.js:44:10)
    at GetAddrInfoReqWrap.onlookup [as oncomplete] (dns.js:94:26)
From previous event:
    at Object.exports.requestSteamPrices (/home/dev/g2a/skywarrior-1/server/components/redis/steam.prices.js:15:18)
    at Object.fn (/home/dev/g2a/skywarrior-1/server/components/scheduler/index.js:14:26)
    at /home/dev/g2a/skywarrior-1/node_modules/agenda/lib/job.js:210:22
    at processDbResult (/home/dev/g2a/skywarrior-1/node_modules/agenda/lib/agenda.js:348:7)
    at handleCallback (/home/dev/g2a/skywarrior-1/node_modules/agenda/node_modules/mongodb/lib/utils.js:95:12)
    at /home/dev/g2a/skywarrior-1/node_modules/agenda/node_modules/mongodb/lib/collection.js:1470:14
    at handleCallback (/home/dev/g2a/skywarrior-1/node_modules/agenda/node_modules/mongodb/lib/utils.js:95:12)
    at /home/dev/g2a/skywarrior-1/node_modules/agenda/node_modules/mongodb/lib/db.js:253:5
    at /home/dev/g2a/skywarrior-1/node_modules/agenda/node_modules/mongodb/node_modules/mongodb-core/lib/topologies/server.js:795:13
    at Callbacks.emit (/home/dev/g2a/skywarrior-1/node_modules/agenda/node_modules/mongodb/node_modules/mongodb-core/lib/topologies/server.js:94:3)
    at null.messageHandler (/home/dev/g2a/skywarrior-1/node_modules/agenda/node_modules/mongodb/node_modules/mongodb-core/lib/topologies/server.js:235:23)
    at Socket.<anonymous> (/home/dev/g2a/skywarrior-1/node_modules/agenda/node_modules/mongodb/node_modules/mongodb-core/lib/connection/connection.js:259:22)
    at Socket.emit (events.js:107:17)
    at readableAddChunk (_stream_readable.js:163:16)
    at Socket.Readable.push (_stream_readable.js:126:10)
    at TCP.onread (net.js:540:20)
2016-04-01T19:33:14.386Z - info: Express server listening on 3000, in development mode
2016-04-01T19:50:45.352Z - info: Express server listening on 3000, in development mode
2016-04-01T19:51:42.036Z - info: Express server listening on 3000, in development mode
2016-04-01T19:54:50.858Z - info: Express server listening on 3000, in development mode
2016-04-01T19:58:29.507Z - info: Express server listening on 3000, in development mode
2016-04-01T20:03:12.529Z - info: Express server listening on 3000, in development mode
2016-04-02T15:01:18.630Z - info: Express server listening on 3000, in development mode
2016-04-02T16:13:20.322Z - info: Express server listening on 3000, in development mode
2016-04-02T16:15:51.717Z - info: Express server listening on 3000, in development mode
2016-04-02T16:20:11.993Z - info: Express server listening on 3000, in development mode
2016-04-02T16:20:37.119Z - info: Express server listening on 3000, in development mode
2016-04-02T16:24:39.554Z - info: Express server listening on 3000, in development mode
2016-04-02T16:29:18.240Z - info: Express server listening on 3000, in development mode
2016-04-02T16:31:23.491Z - info: Express server listening on 3000, in development mode
2016-04-02T16:40:38.237Z - info: Express server listening on 3000, in development mode
2016-04-02T16:40:59.743Z - info: Express server listening on 3000, in development mode
2016-04-02T16:45:13.547Z - info: Express server listening on 3000, in development mode
2016-04-02T16:48:54.320Z - info: Express server listening on 3000, in development mode
2016-04-02T16:52:31.749Z - info: Express server listening on 3000, in development mode
2016-04-02T16:57:39.143Z - info: Express server listening on 3000, in development mode
2016-04-02T17:05:26.992Z - info: Express server listening on 3000, in development mode
2016-04-02T17:06:44.263Z - info: Express server listening on 3000, in development mode
2016-04-02T17:08:51.962Z - info: Express server listening on 3000, in development mode
2016-04-02T17:22:33.704Z - info: Express server listening on 3000, in development mode
2016-04-02T17:59:02.421Z - info: Express server listening on 3000, in development mode
2016-04-02T18:08:44.014Z - info: Express server listening on 3000, in development mode
2016-04-02T18:13:26.212Z - info: Express server listening on 3000, in development mode
2016-04-02T22:03:05.218Z - info: Express server listening on 3000, in development mode
2016-04-03T20:42:47.852Z - info: Express server listening on 3000, in development mode
2016-04-03T20:51:06.171Z - info: Express server listening on 3000, in development mode
2016-04-03T20:54:27.786Z - info: Express server listening on 3000, in development mode
2016-04-03T21:12:19.687Z - info: Express server listening on 3000, in development mode
2016-04-03T21:23:49.474Z - info: Express server listening on 3000, in development mode
2016-04-03T21:27:27.969Z - info: Express server listening on 3000, in development mode
2016-04-03T21:28:51.342Z - info: Express server listening on 3000, in development mode
2016-04-03T21:35:25.228Z - info: Express server listening on 3000, in development mode
2016-04-03T21:45:12.799Z - info: Express server listening on 3000, in development mode
2016-04-03T21:52:38.375Z - info: Express server listening on 3000, in development mode
2016-04-03T22:11:14.826Z - info: Express server listening on 3000, in development mode
2016-04-03T22:17:42.484Z - info: Express server listening on 3000, in development mode
2016-04-03T22:19:27.456Z - info: Express server listening on 3000, in development mode
2016-04-03T23:06:33.849Z - info: Express server listening on 3000, in development mode
2016-04-03T23:48:14.213Z - info: Express server listening on 3000, in development mode
2016-04-04T06:38:24.412Z - info: Express server listening on 3000, in development mode
2016-04-04T06:52:13.606Z - info: Express server listening on 3000, in development mode
2016-04-04T07:05:05.956Z - info: Express server listening on 3000, in development mode
2016-04-04T07:11:32.365Z - info: Express server listening on 3000, in development mode
2016-04-04T07:15:45.470Z - info: Express server listening on 3000, in development mode
2016-04-04T07:19:58.224Z - info: Express server listening on 3000, in development mode
2016-04-04T07:40:48.564Z - info: Express server listening on 3000, in development mode
2016-04-04T07:50:28.689Z - info: Express server listening on 3000, in development mode
2016-04-04T08:41:02.023Z - info: Express server listening on 3000, in development mode
2016-04-04T08:42:47.303Z - info: Express server listening on 3000, in development mode
2016-04-04T08:54:58.345Z - info: Express server listening on 3000, in development mode
2016-04-04T09:19:13.334Z - info: Express server listening on 3000, in development mode
2016-04-04T09:26:27.319Z - info: Express server listening on 3000, in development mode
2016-04-04T09:30:51.935Z - info: Express server listening on 3000, in development mode
2016-04-04T09:38:04.334Z - info: Express server listening on 3000, in development mode
2016-04-04T14:28:57.335Z - info: Express server listening on 3000, in development mode
2016-04-04T16:12:41.505Z - info: Express server listening on 3000, in development mode
2016-04-04T16:59:56.045Z - info: Express server listening on 3000, in development mode
2016-04-04T17:14:36.101Z - info: Express server listening on 3000, in development mode
2016-04-04T17:14:47.173Z - info: Express server listening on 3000, in development mode
2016-04-04T17:15:44.659Z - info: Express server listening on 3000, in development mode
2016-04-04T17:16:05.271Z - info: Express server listening on 3000, in development mode
2016-04-04T17:17:47.958Z - info: Express server listening on 3000, in development mode
2016-04-04T17:19:07.540Z - info: Express server listening on 3000, in development mode
2016-04-04T18:55:13.300Z - info: Express server listening on 3000, in development mode
2016-04-04T18:56:08.454Z - info: Express server listening on 3000, in development mode
2016-04-04T21:22:56.712Z - info: Express server listening on 3000, in development mode
2016-04-04T21:23:48.447Z - info: Express server listening on 3000, in development mode
2016-04-04T21:28:28.846Z - info: Express server listening on 3000, in development mode
2016-04-04T21:30:27.092Z - info: Express server listening on 3000, in development mode
2016-04-04T21:30:42.865Z - info: Express server listening on 3000, in development mode
2016-04-04T21:32:08.752Z - info: Express server listening on 3000, in development mode
2016-04-04T21:41:27.399Z - info: Express server listening on 3000, in development mode
2016-04-04T21:48:19.102Z - info: Express server listening on 3000, in development mode
2016-04-04T21:49:33.861Z - info: Express server listening on 3000, in development mode
2016-04-04T21:49:41.358Z - info: Express server listening on 3000, in development mode
2016-04-04T21:50:23.882Z - info: Express server listening on 3000, in development mode
2016-04-04T21:51:47.071Z - info: Express server listening on 3000, in development mode
2016-04-04T21:52:57.467Z - info: Express server listening on 3000, in development mode
2016-04-04T21:58:41.778Z - info: Express server listening on 3000, in development mode
2016-04-04T22:10:06.432Z - info: Express server listening on 3000, in development mode
2016-04-04T23:27:37.010Z - info: Express server listening on 3000, in development mode
2016-04-04T23:54:21.996Z - info: Express server listening on 3000, in development mode
2016-04-04T23:56:07.436Z - info: Express server listening on 3000, in development mode
2016-04-04T23:57:47.949Z - info: Express server listening on 3000, in development mode
2016-04-04T23:58:41.114Z - info: Express server listening on 3000, in development mode
2016-04-04T23:59:04.832Z - info: Express server listening on 3000, in development mode
2016-04-05T00:00:29.518Z - info: Express server listening on 3000, in development mode
2016-04-05T00:01:23.633Z - info: Express server listening on 3000, in development mode
2016-04-05T00:02:58.158Z - info: Express server listening on 3000, in development mode
2016-04-05T00:05:03.115Z - info: Express server listening on 3000, in development mode
2016-04-05T00:05:48.103Z - info: Express server listening on 3000, in development mode
2016-04-05T00:07:30.526Z - info: Express server listening on 3000, in development mode
2016-04-05T00:08:35.332Z - info: Express server listening on 3000, in development mode
2016-04-05T00:09:31.900Z - info: Express server listening on 3000, in development mode
2016-04-05T00:09:38.298Z - info: Express server listening on 3000, in development mode
2016-04-05T00:10:57.442Z - info: Express server listening on 3000, in development mode
2016-04-05T00:13:48.401Z - info: Express server listening on 3000, in development mode
2016-04-05T00:14:38.918Z - info: Express server listening on 3000, in development mode
2016-04-05T00:17:03.032Z - info: Express server listening on 3000, in development mode
2016-04-05T00:19:14.664Z - info: Express server listening on 3000, in development mode
2016-04-05T00:19:55.033Z - info: Express server listening on 3000, in development mode
2016-04-05T03:14:19.665Z - info: Express server listening on 3000, in development mode
2016-04-05T03:23:36.531Z - info: Express server listening on 3000, in development mode
2016-04-05T03:24:50.021Z - info: Express server listening on 3000, in development mode
2016-04-05T03:28:27.362Z - info: Express server listening on 3000, in development mode
2016-04-05T04:41:16.956Z - info: Express server listening on 3000, in development mode
2016-04-05T04:42:43.452Z - info: Express server listening on 3000, in development mode
2016-04-05T10:47:25.065Z - info: Express server listening on 3000, in development mode
2016-04-05T10:54:25.538Z - info: Express server listening on 3000, in development mode
2016-04-05T10:54:32.711Z - info: Express server listening on 3000, in development mode
2016-04-05T10:55:10.822Z - info: Express server listening on 3000, in development mode
2016-04-05T11:03:26.124Z - info: Express server listening on 3000, in development mode
2016-04-05T11:04:40.532Z - info: Express server listening on 3000, in development mode
2016-04-05T11:06:41.819Z - info: Express server listening on 3000, in development mode
2016-04-05T11:07:43.644Z - info: Express server listening on 3000, in development mode
2016-04-05T11:09:24.835Z - info: Express server listening on 3000, in development mode
2016-04-05T11:10:01.545Z - info: Express server listening on 3000, in development mode
2016-04-05T11:10:43.546Z - info: Express server listening on 3000, in development mode
2016-04-05T11:11:57.435Z - info: Express server listening on 3000, in development mode
2016-04-05T11:12:51.176Z - info: Express server listening on 3000, in development mode
2016-04-05T11:12:57.176Z - info: Express server listening on 3000, in development mode
2016-04-05T11:14:15.948Z - info: Express server listening on 3000, in development mode
2016-04-05T11:15:04.553Z - info: Express server listening on 3000, in development mode
2016-04-05T11:15:11.330Z - info: Express server listening on 3000, in development mode
2016-04-05T11:15:50.769Z - info: Express server listening on 3000, in development mode
2016-04-05T11:32:01.220Z - info: Express server listening on 3000, in development mode
2016-04-05T11:36:21.821Z - info: Express server listening on 3000, in development mode
2016-04-05T11:52:55.992Z - info: Express server listening on 3000, in development mode
2016-04-05T11:53:23.560Z - info: Express server listening on 3000, in development mode
2016-04-05T11:55:13.283Z - info: Express server listening on 3000, in development mode
2016-04-05T12:06:54.417Z - info: Express server listening on 3000, in development mode
2016-04-05T12:10:10.527Z - info: Express server listening on 3000, in development mode
2016-04-05T12:10:18.953Z - info: Express server listening on 3000, in development mode
2016-04-05T12:10:27.593Z - info: Express server listening on 3000, in development mode
2016-04-05T12:15:41.483Z - info: Express server listening on 3000, in development mode
2016-04-05T12:20:58.730Z - info: Express server listening on 3000, in development mode
2016-04-05T12:22:06.160Z - info: Express server listening on 3000, in development mode
2016-04-05T12:22:15.484Z - info: Express server listening on 3000, in development mode
2016-04-05T12:23:25.999Z - info: Express server listening on 3000, in development mode
2016-04-05T12:24:04.663Z - info: Express server listening on 3000, in development mode
2016-04-05T12:24:42.699Z - info: Express server listening on 3000, in development mode
2016-04-05T12:24:51.634Z - info: Express server listening on 3000, in development mode
2016-04-05T12:26:13.892Z - info: Express server listening on 3000, in development mode
2016-04-05T12:26:40.334Z - info: Express server listening on 3000, in development mode
2016-04-05T12:26:58.069Z - info: Express server listening on 3000, in development mode
2016-04-05T12:31:20.389Z - info: Express server listening on 3000, in development mode
2016-04-05T12:31:30.111Z - info: Express server listening on 3000, in development mode
2016-04-05T12:32:22.761Z - info: Express server listening on 3000, in development mode
2016-04-05T12:38:51.407Z - info: Express server listening on 3000, in development mode
2016-04-05T12:43:01.053Z - info: Express server listening on 3000, in development mode
2016-04-05T12:43:34.360Z - info: Express server listening on 3000, in development mode
2016-04-05T12:44:15.160Z - info: Express server listening on 3000, in development mode
2016-04-05T12:47:01.819Z - info: Express server listening on 3000, in development mode
2016-04-05T12:47:45.426Z - info: Express server listening on 3000, in development mode
2016-04-05T12:49:50.808Z - info: Express server listening on 3000, in development mode
2016-04-05T12:50:50.677Z - info: Express server listening on 3000, in development mode
2016-04-05T12:51:42.316Z - info: Express server listening on 3000, in development mode
2016-04-05T12:56:44.931Z - info: Express server listening on 3000, in development mode
2016-04-05T12:57:38.228Z - info: Express server listening on 3000, in development mode
2016-04-05T12:57:49.182Z - info: Express server listening on 3000, in development mode
2016-04-05T12:59:53.540Z - info: Express server listening on 3000, in development mode
2016-04-05T13:01:10.294Z - info: Express server listening on 3000, in development mode
2016-04-05T13:05:16.502Z - info: Express server listening on 3000, in development mode
2016-04-05T13:06:25.605Z - info: Express server listening on 3000, in development mode
2016-04-05T13:07:36.469Z - info: Express server listening on 3000, in development mode
2016-04-05T13:08:38.894Z - info: Express server listening on 3000, in development mode
2016-04-05T13:08:50.427Z - info: Express server listening on 3000, in development mode
2016-04-05T13:09:45.280Z - info: Express server listening on 3000, in development mode
2016-04-05T14:46:41.599Z - info: Express server listening on 3000, in development mode
2016-04-06T01:43:40.063Z - info: Express server listening on 3000, in development mode
2016-04-06T01:47:31.359Z - info: Express server listening on 3000, in development mode
2016-04-06T01:48:27.451Z - info: Express server listening on 3000, in development mode
2016-04-06T01:51:08.498Z - info: Express server listening on 3000, in development mode
2016-04-06T06:51:08.955Z - info: Express server listening on 3000, in development mode
2016-04-06T07:52:07.914Z - info: Express server listening on 3000, in development mode
2016-04-06T07:52:11.819Z - info: Express server listening on 3000, in development mode
2016-04-06T07:52:41.890Z - info: Express server listening on 3000, in development mode
2016-04-06T07:58:25.370Z - info: Express server listening on 3000, in development mode
2016-04-06T07:59:47.242Z - info: Express server listening on 3000, in development mode
2016-04-05T22:14:31.820Z - info: Express server listening on 3000, in development mode
2016-04-05T22:45:23.347Z - info: Express server listening on 3000, in development mode
2016-04-05T22:51:55.110Z - info: Express server listening on 3000, in development mode
2016-04-05T22:56:02.527Z - info: Express server listening on 3000, in development mode
2016-04-05T23:23:15.479Z - info: Express server listening on 3000, in development mode
2016-04-05T23:24:10.126Z - info: Express server listening on 3000, in development mode
2016-04-05T23:26:55.026Z - info: Express server listening on 3000, in development mode
2016-04-05T23:27:07.410Z - info: Express server listening on 3000, in development mode
2016-04-05T23:55:54.958Z - info: Express server listening on 3000, in development mode
2016-04-05T23:56:03.281Z - info: Express server listening on 3000, in development mode
2016-04-05T23:56:09.539Z - info: Express server listening on 3000, in development mode
2016-04-05T23:56:39.801Z - info: Express server listening on 3000, in development mode
2016-04-06T00:00:55.277Z - info: Express server listening on 3000, in development mode
2016-04-06T00:01:57.955Z - info: Express server listening on 3000, in development mode
2016-04-06T00:03:09.805Z - info: Express server listening on 3000, in development mode
2016-04-06T00:03:19.653Z - info: Express server listening on 3000, in development mode
2016-04-06T00:03:54.840Z - info: Express server listening on 3000, in development mode
2016-04-06T00:04:17.122Z - info: Express server listening on 3000, in development mode
2016-04-06T00:04:31.573Z - info: Express server listening on 3000, in development mode
2016-04-06T00:05:37.928Z - info: Express server listening on 3000, in development mode
2016-04-06T00:14:29.395Z - info: Express server listening on 3000, in development mode
2016-04-06T00:14:35.081Z - info: Express server listening on 3000, in development mode
2016-04-06T00:20:30.619Z - info: Express server listening on 3000, in development mode
2016-04-06T00:22:15.028Z - info: Express server listening on 3000, in development mode
2016-04-06T00:22:32.315Z - info: Express server listening on 3000, in development mode
2016-04-06T00:31:38.542Z - info: Express server listening on 3000, in development mode
2016-04-06T00:49:02.839Z - info: Express server listening on 3000, in development mode
2016-04-06T00:52:36.681Z - info: Express server listening on 3000, in development mode
2016-04-06T00:55:20.680Z - info: Express server listening on 3000, in development mode
2016-04-06T00:56:05.143Z - info: Express server listening on 3000, in development mode
2016-04-06T00:56:17.344Z - info: Express server listening on 3000, in development mode
2016-04-06T00:56:38.876Z - info: Express server listening on 3000, in development mode
2016-04-06T00:57:38.127Z - info: Express server listening on 3000, in development mode
2016-04-06T00:58:45.179Z - info: Express server listening on 3000, in development mode
2016-04-06T00:58:53.530Z - info: Express server listening on 3000, in development mode
2016-04-06T00:59:18.082Z - info: Express server listening on 3000, in development mode
2016-04-06T01:00:24.305Z - info: Express server listening on 3000, in development mode
2016-04-06T01:00:34.985Z - info: Express server listening on 3000, in development mode
2016-04-06T01:00:40.349Z - info: Express server listening on 3000, in development mode
2016-04-06T01:00:52.413Z - info: Express server listening on 3000, in development mode
2016-04-06T01:01:39.569Z - info: Express server listening on 3000, in development mode
2016-04-06T01:01:55.550Z - info: Express server listening on 3000, in development mode
2016-04-06T01:03:39.534Z - info: Express server listening on 3000, in development mode
2016-04-06T01:03:50.151Z - info: Express server listening on 3000, in development mode
2016-04-06T01:05:25.056Z - info: Express server listening on 3000, in development mode
2016-04-06T01:05:32.353Z - info: Express server listening on 3000, in development mode
2016-04-06T01:05:47.572Z - info: Express server listening on 3000, in development mode
2016-04-06T01:07:05.881Z - info: Express server listening on 3000, in development mode
2016-04-06T01:07:36.387Z - info: Express server listening on 3000, in development mode
2016-04-06T01:11:23.575Z - info: Express server listening on 3000, in development mode
2016-04-06T01:11:43.060Z - info: Express server listening on 3000, in development mode
2016-04-06T01:12:48.841Z - info: Express server listening on 3000, in development mode
2016-04-06T01:13:21.126Z - info: Express server listening on 3000, in development mode
2016-04-06T01:13:58.444Z - info: Express server listening on 3000, in development mode
2016-04-06T01:39:45.611Z - info: Express server listening on 3000, in development mode
2016-04-06T01:41:17.401Z - info: Express server listening on 3000, in development mode
2016-04-06T01:41:23.674Z - info: Express server listening on 3000, in development mode
2016-04-06T01:48:40.482Z - info: Express server listening on 3000, in development mode
2016-04-06T01:51:43.332Z - info: Express server listening on 3000, in development mode
2016-04-06T01:52:00.317Z - info: Express server listening on 3000, in development mode
2016-04-06T01:52:18.890Z - info: Express server listening on 3000, in development mode
2016-04-06T02:01:14.046Z - info: Express server listening on 3000, in development mode
2016-04-06T02:01:54.784Z - info: Express server listening on 3000, in development mode
